2019-8-29 18:03:53 main INFO Starting UserApplication on LAPTOP-V3OSIK58 with PID 1868 (D:\echarts\echartsDemo\target\classes started by wanheat in D:\echarts\echartsDemo)
2019-8-29 18:03:53 main DEBUG Running with Spring Boot v2.0.3.RELEASE, Spring v5.0.7.RELEASE
2019-8-29 18:03:53 main INFO No active profile set, falling back to default profiles: default
2019-8-29 18:03:53 main INFO Refreshing org.springframework.boot.web.servlet.context.AnnotationConfigServletWebServerApplicationContext@60129b9a: startup date [Thu Aug 29 18:03:53 GMT+08:00 2019]; root of context hierarchy
2019-8-29 18:03:55 main INFO Bean 'org.springframework.transaction.annotation.ProxyTransactionManagementConfiguration' of type [org.springframework.transaction.annotation.ProxyTransactionManagementConfiguration$$EnhancerBySpringCGLIB$$7676aca2] is not eligible for getting processed by all BeanPostProcessors (for example: not eligible for auto-proxying)
2019-8-29 18:03:55 main INFO Tomcat initialized with port(s): 8088 (http)
2019-8-29 18:03:55 main INFO Initializing ProtocolHandler ["http-nio-8088"]
2019-8-29 18:03:55 main INFO Starting service [Tomcat]
2019-8-29 18:03:55 main INFO Starting Servlet Engine: Apache Tomcat/8.5.31
2019-8-29 18:03:55 localhost-startStop-1 INFO The APR based Apache Tomcat Native library which allows optimal performance in production environments was not found on the java.library.path: [C:\Program Files\Java\jdk1.8.0_161\bin;C:\windows\Sun\Java\bin;C:\windows\system32;C:\windows;C:\ProgramData\Oracle\Java\javapath;C:\Program Files (x86)\Intel\Intel(R) Management Engine Components\iCLS\;C:\Program Files\Intel\Intel(R) Management Engine Components\iCLS\;C:\windows\system32;C:\windows;C:\windows\System32\Wbem;C:\windows\System32\WindowsPowerShell\v1.0\;C:\windows\System32\OpenSSH\;C:\Program Files (x86)\Intel\Intel(R) Management Engine Components\DAL;C:\Program Files\Intel\Intel(R) Management Engine Components\DAL;C:\Program Files (x86)\NVIDIA Corporation\PhysX\Common;C:\Program Files\Intel\WiFi\bin\;C:\Program Files\Common Files\Intel\WirelessCommon\;e:\Program Files (x86)\IETM 3D Viewer;%CATALINA_HOME%\lib;%CATALINA_HOME%\bin;%MAVEN_HOME%\bin;F:\myTools\git\install\Git\cmd;C:\Program Files\MySQL\MySQL Utilities 1.6\;.]
2019-8-29 18:03:55 localhost-startStop-1 INFO Initializing Spring embedded WebApplicationContext
2019-8-29 18:03:55 localhost-startStop-1 INFO Root WebApplicationContext: initialization completed in 2313 ms
2019-8-29 18:03:56 localhost-startStop-1 INFO Mapping filter: 'characterEncodingFilter' to: [/*]
2019-8-29 18:03:56 localhost-startStop-1 INFO Mapping filter: 'hiddenHttpMethodFilter' to: [/*]
2019-8-29 18:03:56 localhost-startStop-1 INFO Mapping filter: 'httpPutFormContentFilter' to: [/*]
2019-8-29 18:03:56 localhost-startStop-1 INFO Mapping filter: 'requestContextFilter' to: [/*]
2019-8-29 18:03:56 localhost-startStop-1 INFO Mapping filter: 'loginFileter' to urls: [/*]
2019-8-29 18:03:56 localhost-startStop-1 INFO Mapping filter: 'httpTraceFilter' to: [/*]
2019-8-29 18:03:56 localhost-startStop-1 INFO Mapping filter: 'webMvcMetricsFilter' to: [/*]
2019-8-29 18:03:56 localhost-startStop-1 INFO Servlet dispatcherServlet mapped to [/]
2019-8-29 18:03:57 main INFO Mapped URL path [/**/favicon.ico] onto handler of type [class org.springframework.web.servlet.resource.ResourceHttpRequestHandler]
2019-8-29 18:03:57 main INFO Looking for @ControllerAdvice: org.springframework.boot.web.servlet.context.AnnotationConfigServletWebServerApplicationContext@60129b9a: startup date [Thu Aug 29 18:03:53 GMT+08:00 2019]; root of context hierarchy
2019-8-29 18:03:57 main INFO Mapped "{[/user/registered],methods=[POST]}" onto public java.lang.Object com.example.user.controller.UserController.registered(javax.servlet.http.HttpServletRequest)
2019-8-29 18:03:57 main INFO Mapped "{[/user/login],methods=[POST]}" onto public java.lang.Object com.example.user.controller.UserController.login(javax.servlet.http.HttpServletRequest)
2019-8-29 18:03:57 main INFO Mapped "{[/user/demo],methods=[GET]}" onto public com.example.user.model.User com.example.user.controller.UserController.demo()
2019-8-29 18:03:57 main INFO Mapped "{[/error]}" onto public org.springframework.http.ResponseEntity<java.util.Map<java.lang.String, java.lang.Object>> org.springframework.boot.autoconfigure.web.servlet.error.BasicErrorController.error(javax.servlet.http.HttpServletRequest)
2019-8-29 18:03:57 main INFO Mapped "{[/error],produces=[text/html]}" onto public org.springframework.web.servlet.ModelAndView org.springframework.boot.autoconfigure.web.servlet.error.BasicErrorController.errorHtml(javax.servlet.http.HttpServletRequest,javax.servlet.http.HttpServletResponse)
2019-8-29 18:03:57 main INFO Mapped URL path [/webjars/**] onto handler of type [class org.springframework.web.servlet.resource.ResourceHttpRequestHandler]
2019-8-29 18:03:57 main INFO Mapped URL path [/**] onto handler of type [class org.springframework.web.servlet.resource.ResourceHttpRequestHandler]
2019-8-29 18:03:57 main INFO Adding welcome page: class path resource [static/index.html]
2019-8-29 18:03:57 main INFO Exposing 2 endpoint(s) beneath base path '/actuator'
2019-8-29 18:03:57 main INFO Mapped "{[/actuator/health],methods=[GET],produces=[application/vnd.spring-boot.actuator.v2+json || application/json]}" onto public java.lang.Object org.springframework.boot.actuate.endpoint.web.servlet.AbstractWebMvcEndpointHandlerMapping$OperationHandler.handle(javax.servlet.http.HttpServletRequest,java.util.Map<java.lang.String, java.lang.String>)
2019-8-29 18:03:57 main INFO Mapped "{[/actuator/info],methods=[GET],produces=[application/vnd.spring-boot.actuator.v2+json || application/json]}" onto public java.lang.Object org.springframework.boot.actuate.endpoint.web.servlet.AbstractWebMvcEndpointHandlerMapping$OperationHandler.handle(javax.servlet.http.HttpServletRequest,java.util.Map<java.lang.String, java.lang.String>)
2019-8-29 18:03:57 main INFO Mapped "{[/actuator],methods=[GET],produces=[application/vnd.spring-boot.actuator.v2+json || application/json]}" onto protected java.util.Map<java.lang.String, java.util.Map<java.lang.String, org.springframework.boot.actuate.endpoint.web.Link>> org.springframework.boot.actuate.endpoint.web.servlet.WebMvcEndpointHandlerMapping.links(javax.servlet.http.HttpServletRequest,javax.servlet.http.HttpServletResponse)
2019-8-29 18:03:57 main INFO Registering beans for JMX exposure on startup
2019-8-29 18:03:57 main INFO Bean with name 'dataSource' has been autodetected for JMX exposure
2019-8-29 18:03:57 main INFO Located MBean 'dataSource': registering with JMX server as MBean [com.alibaba.druid.pool:name=dataSource,type=DruidDataSource]
2019-8-29 18:03:57 main INFO Starting ProtocolHandler ["http-nio-8088"]
2019-8-29 18:03:58 main INFO Using a shared selector for servlet write/read
2019-8-29 18:03:58 main INFO Tomcat started on port(s): 8088 (http) with context path ''
2019-8-29 18:03:58 main INFO Started UserApplication in 4.934 seconds (JVM running for 6.654)
2019-8-29 18:04:53 http-nio-8088-exec-2 INFO Initializing Spring FrameworkServlet 'dispatcherServlet'
2019-8-29 18:04:53 http-nio-8088-exec-2 INFO FrameworkServlet 'dispatcherServlet': initialization started
2019-8-29 18:04:53 http-nio-8088-exec-2 INFO FrameworkServlet 'dispatcherServlet': initialization completed in 22 ms
2019-8-29 18:04:53 http-nio-8088-exec-2 INFO filter url:/html/login.html
2019-8-29 18:04:53 http-nio-8088-exec-3 INFO filter url:/css/login.css
2019-8-29 18:04:53 http-nio-8088-exec-1 INFO filter url:/jsLibrary/jquery.3.1.1.js
2019-8-29 18:04:53 http-nio-8088-exec-4 INFO filter url:/js/login.js
2019-8-29 18:04:53 http-nio-8088-exec-5 INFO filter url:/image/qingnv.jpg
2019-8-29 18:04:53 http-nio-8088-exec-6 INFO filter url:/favicon.ico
2019-8-29 18:04:55 http-nio-8088-exec-7 INFO filter url:/user/login
2019-8-29 18:04:55 http-nio-8088-exec-7 ERROR logback 访问:登录接口
2019-8-29 18:04:56 http-nio-8088-exec-7 INFO {dataSource-1} inited
2019-8-29 18:04:56 http-nio-8088-exec-7 DEBUG ==>  Preparing: select * from test_user where userName = 'admin' and passWord = 'admin' 
2019-8-29 18:04:56 http-nio-8088-exec-7 DEBUG ==> Parameters: 
2019-8-29 18:04:56 http-nio-8088-exec-7 DEBUG <==      Total: 1
2019-8-29 18:04:56 http-nio-8088-exec-9 INFO filter url:/html/echartsDemo/echartsDemo1.html
2019-8-29 18:04:56 http-nio-8088-exec-8 INFO filter url:/echarts/min/echarts.min.js
2019-8-29 18:04:56 http-nio-8088-exec-10 INFO filter url:/js/echartsDemo/echartsDemo1.js
2019-8-29 18:04:56 http-nio-8088-exec-2 INFO filter url:/js/echartsDemo/mapData.js
2019-8-29 18:04:56 http-nio-8088-exec-1 INFO filter url:/echarts/map/610000.json
2019-8-29 18:04:56 http-nio-8088-exec-4 INFO filter url:/echarts/map/china.json
2019-8-29 18:04:56 http-nio-8088-exec-3 INFO filter url:/js/echartsDemo/westeros.js
