2019-11-1 11:52:45 main INFO Starting BaseServiceApplication on LAPTOP-V3OSIK58 with PID 11648 (D:\eqpt_new\echartsDemo\target\classes started by wanheat in D:\eqpt_new\echartsDemo)
2019-11-1 11:52:45 main DEBUG Running with Spring Boot v2.0.3.RELEASE, Spring v5.0.7.RELEASE
2019-11-1 11:52:45 main INFO No active profile set, falling back to default profiles: default
2019-11-1 11:52:45 main INFO Refreshing org.springframework.boot.web.servlet.context.AnnotationConfigServletWebServerApplicationContext@e98770d: startup date [Fri Nov 01 11:52:45 GMT+08:00 2019]; root of context hierarchy
2019-11-1 11:52:46 main INFO Overriding bean definition for bean 'dataSource' with a different definition: replacing [Root bean: class [null]; scope=; abstract=false; lazyInit=false; autowireMode=3; dependencyCheck=0; autowireCandidate=true; primary=false; factoryBeanName=org.springframework.boot.autoconfigure.jdbc.DataSourceConfiguration$Generic; factoryMethodName=dataSource; initMethodName=null; destroyMethodName=(inferred); defined in class path resource [org/springframework/boot/autoconfigure/jdbc/DataSourceConfiguration$Generic.class]] with [Root bean: class [null]; scope=; abstract=false; lazyInit=false; autowireMode=3; dependencyCheck=0; autowireCandidate=true; primary=false; factoryBeanName=org.springframework.boot.autoconfigure.jdbc.DataSourceConfiguration$Hikari; factoryMethodName=dataSource; initMethodName=null; destroyMethodName=(inferred); defined in class path resource [org/springframework/boot/autoconfigure/jdbc/DataSourceConfiguration$Hikari.class]]
2019-11-1 11:52:46 main WARN No MyBatis mapper was found in '[com.what.cloud]' package. Please check your configuration.
2019-11-1 11:52:47 main INFO Bean 'org.springframework.transaction.annotation.ProxyTransactionManagementConfiguration' of type [org.springframework.transaction.annotation.ProxyTransactionManagementConfiguration$$EnhancerBySpringCGLIB$$84ecd9a1] is not eligible for getting processed by all BeanPostProcessors (for example: not eligible for auto-proxying)
2019-11-1 11:52:47 main INFO Tomcat initialized with port(s): 8000 (http)
2019-11-1 11:52:47 main INFO Initializing ProtocolHandler ["http-nio-8000"]
2019-11-1 11:52:47 main INFO Starting service [Tomcat]
2019-11-1 11:52:47 main INFO Starting Servlet Engine: Apache Tomcat/8.5.31
2019-11-1 11:52:47 localhost-startStop-1 INFO The APR based Apache Tomcat Native library which allows optimal performance in production environments was not found on the java.library.path: [C:\Program Files\Java\jdk1.8.0_161\bin;C:\windows\Sun\Java\bin;C:\windows\system32;C:\windows;C:\ProgramData\Oracle\Java\javapath;C:\Program Files (x86)\Intel\Intel(R) Management Engine Components\iCLS\;C:\Program Files\Intel\Intel(R) Management Engine Components\iCLS\;C:\windows\system32;C:\windows;C:\windows\System32\Wbem;C:\windows\System32\WindowsPowerShell\v1.0\;C:\windows\System32\OpenSSH\;C:\Program Files (x86)\Intel\Intel(R) Management Engine Components\DAL;C:\Program Files\Intel\Intel(R) Management Engine Components\DAL;C:\Program Files (x86)\NVIDIA Corporation\PhysX\Common;C:\Program Files\Intel\WiFi\bin\;C:\Program Files\Common Files\Intel\WirelessCommon\;e:\Program Files (x86)\IETM 3D Viewer;F:\myTools\tomcat\apache-tomcat-7.0.85\lib;F:\myTools\tomcat\apache-tomcat-7.0.85\bin;F:\myTools\apache-maven-3.5.3\bin;F:\myTools\git\install\Git\cmd;C:\Program Files\MySQL\MySQL Utilities 1.6\;F:\myTools\node\install;D:\soft\nodejs\node_modules\yarn\bin;D:\soft\nodejs\node_modules\electron\dist;;C:\Program Files (x86)\IETM 3D Viewer;C:\Users\wanheat\AppData\Roaming\npm;.]
2019-11-1 11:52:47 localhost-startStop-1 INFO Initializing Spring embedded WebApplicationContext
2019-11-1 11:52:47 localhost-startStop-1 INFO Root WebApplicationContext: initialization completed in 1480 ms
2019-11-1 11:52:48 localhost-startStop-1 INFO Servlet dispatcherServlet mapped to [/]
2019-11-1 11:52:48 localhost-startStop-1 INFO Mapping filter: 'characterEncodingFilter' to: [/*]
2019-11-1 11:52:48 localhost-startStop-1 INFO Mapping filter: 'hiddenHttpMethodFilter' to: [/*]
2019-11-1 11:52:48 localhost-startStop-1 INFO Mapping filter: 'httpPutFormContentFilter' to: [/*]
2019-11-1 11:52:48 localhost-startStop-1 INFO Mapping filter: 'requestContextFilter' to: [/*]
2019-11-1 11:52:48 localhost-startStop-1 INFO Mapping filter: 'httpTraceFilter' to: [/*]
2019-11-1 11:52:48 localhost-startStop-1 INFO Mapping filter: 'webMvcMetricsFilter' to: [/*]
2019-11-1 11:52:48 main INFO Mapped "{[/user/login],methods=[GET]}" onto public com.what.cloud.common.ResponseWrapper<java.lang.String> com.what.cloud.controller.UserController.login(java.lang.String)
2019-11-1 11:52:48 main INFO Mapped "{[/v2/api-docs],methods=[GET],produces=[application/json || application/hal+json]}" onto public org.springframework.http.ResponseEntity<springfox.documentation.spring.web.json.Json> springfox.documentation.swagger2.web.Swagger2Controller.getDocumentation(java.lang.String,javax.servlet.http.HttpServletRequest)
2019-11-1 11:52:48 main INFO Mapped "{[/swagger-resources]}" onto org.springframework.http.ResponseEntity<java.util.List<springfox.documentation.swagger.web.SwaggerResource>> springfox.documentation.swagger.web.ApiResourceController.swaggerResources()
2019-11-1 11:52:48 main INFO Mapped "{[/swagger-resources/configuration/ui]}" onto org.springframework.http.ResponseEntity<springfox.documentation.swagger.web.UiConfiguration> springfox.documentation.swagger.web.ApiResourceController.uiConfiguration()
2019-11-1 11:52:48 main INFO Mapped "{[/swagger-resources/configuration/security]}" onto org.springframework.http.ResponseEntity<springfox.documentation.swagger.web.SecurityConfiguration> springfox.documentation.swagger.web.ApiResourceController.securityConfiguration()
2019-11-1 11:52:48 main INFO Mapped "{[/error]}" onto public org.springframework.http.ResponseEntity<java.util.Map<java.lang.String, java.lang.Object>> org.springframework.boot.autoconfigure.web.servlet.error.BasicErrorController.error(javax.servlet.http.HttpServletRequest)
2019-11-1 11:52:48 main INFO Mapped "{[/error],produces=[text/html]}" onto public org.springframework.web.servlet.ModelAndView org.springframework.boot.autoconfigure.web.servlet.error.BasicErrorController.errorHtml(javax.servlet.http.HttpServletRequest,javax.servlet.http.HttpServletResponse)
2019-11-1 11:52:48 main INFO Exposing 2 endpoint(s) beneath base path '/actuator'
2019-11-1 11:52:48 main INFO Mapped "{[/actuator/health],methods=[GET],produces=[application/vnd.spring-boot.actuator.v2+json || application/json]}" onto public java.lang.Object org.springframework.boot.actuate.endpoint.web.servlet.AbstractWebMvcEndpointHandlerMapping$OperationHandler.handle(javax.servlet.http.HttpServletRequest,java.util.Map<java.lang.String, java.lang.String>)
2019-11-1 11:52:48 main INFO Mapped "{[/actuator/info],methods=[GET],produces=[application/vnd.spring-boot.actuator.v2+json || application/json]}" onto public java.lang.Object org.springframework.boot.actuate.endpoint.web.servlet.AbstractWebMvcEndpointHandlerMapping$OperationHandler.handle(javax.servlet.http.HttpServletRequest,java.util.Map<java.lang.String, java.lang.String>)
2019-11-1 11:52:48 main INFO Mapped "{[/actuator],methods=[GET],produces=[application/vnd.spring-boot.actuator.v2+json || application/json]}" onto protected java.util.Map<java.lang.String, java.util.Map<java.lang.String, org.springframework.boot.actuate.endpoint.web.Link>> org.springframework.boot.actuate.endpoint.web.servlet.WebMvcEndpointHandlerMapping.links(javax.servlet.http.HttpServletRequest,javax.servlet.http.HttpServletResponse)
2019-11-1 11:52:48 main INFO Mapped URL path [/**/favicon.ico] onto handler of type [class org.springframework.web.servlet.resource.ResourceHttpRequestHandler]
2019-11-1 11:52:48 main INFO Looking for @ControllerAdvice: org.springframework.boot.web.servlet.context.AnnotationConfigServletWebServerApplicationContext@e98770d: startup date [Fri Nov 01 11:52:45 GMT+08:00 2019]; root of context hierarchy
2019-11-1 11:52:48 main INFO Mapped URL path [/webjars/**] onto handler of type [class org.springframework.web.servlet.resource.ResourceHttpRequestHandler]
2019-11-1 11:52:48 main INFO Mapped URL path [/**] onto handler of type [class org.springframework.web.servlet.resource.ResourceHttpRequestHandler]
2019-11-1 11:52:48 main WARN [THYMELEAF][main] Template Mode 'LEGACYHTML5' is deprecated. Using Template Mode 'HTML' instead.
2019-11-1 11:52:48 main INFO Adding welcome page template: index
2019-11-1 11:52:49 main INFO Registering beans for JMX exposure on startup
2019-11-1 11:52:49 main INFO Bean with name 'dataSource' has been autodetected for JMX exposure
2019-11-1 11:52:49 main INFO Located MBean 'dataSource': registering with JMX server as MBean [com.zaxxer.hikari:name=dataSource,type=HikariDataSource]
2019-11-1 11:52:49 main INFO Starting beans in phase 2147483647
2019-11-1 11:52:49 main INFO Context refreshed
2019-11-1 11:52:49 main INFO Found 1 custom documentation plugin(s)
2019-11-1 11:52:49 main INFO Scanning for api listing references
2019-11-1 11:52:49 main INFO Generating unique operation named: handleUsingGET_1
2019-11-1 11:52:49 main INFO Starting ProtocolHandler ["http-nio-8000"]
2019-11-1 11:52:49 main INFO Using a shared selector for servlet write/read
2019-11-1 11:52:49 main INFO Tomcat started on port(s): 8000 (http) with context path ''
2019-11-1 11:52:49 main INFO Started BaseServiceApplication in 3.969 seconds (JVM running for 5.321)
2019-11-1 11:52:50 RMI TCP Connection(6)-127.0.0.1 INFO EQPT_THREE - Starting...
2019-11-1 11:52:50 RMI TCP Connection(4)-127.0.0.1 INFO Initializing Spring FrameworkServlet 'dispatcherServlet'
2019-11-1 11:52:50 RMI TCP Connection(4)-127.0.0.1 INFO FrameworkServlet 'dispatcherServlet': initialization started
2019-11-1 11:52:50 RMI TCP Connection(4)-127.0.0.1 INFO FrameworkServlet 'dispatcherServlet': initialization completed in 15 ms
2019-11-1 11:52:50 RMI TCP Connection(6)-127.0.0.1 INFO EQPT_THREE - Start completed.
2019-11-1 11:53:00 http-nio-8000-exec-8 INFO UserController login success
2019-11-1 11:53:00 http-nio-8000-exec-8 INFO 切面。。。。。
2019-11-1 11:53:00 http-nio-8000-exec-8 INFO SysLog(id=null, username=admin, operation=用户登录, method=com.what.cloud.controller.UserController.login, params=["admin"], ip=0:0:0:0:0:0:0:1, createDate=Fri Nov 01 11:53:00 GMT+08:00 2019)
2019-11-1 11:56:36 main INFO Starting BaseServiceApplication on LAPTOP-V3OSIK58 with PID 17132 (D:\eqpt_new\equipment-management\target\classes started by wanheat in D:\eqpt_new\equipment-management)
2019-11-1 11:56:36 main DEBUG Running with Spring Boot v2.0.3.RELEASE, Spring v5.0.7.RELEASE
2019-11-1 11:56:36 main INFO No active profile set, falling back to default profiles: default
2019-11-1 11:56:36 main INFO Refreshing org.springframework.boot.web.servlet.context.AnnotationConfigServletWebServerApplicationContext@20f12539: startup date [Fri Nov 01 11:56:36 GMT+08:00 2019]; root of context hierarchy
2019-11-1 11:56:36 main INFO Overriding bean definition for bean 'dataSource' with a different definition: replacing [Root bean: class [null]; scope=; abstract=false; lazyInit=false; autowireMode=3; dependencyCheck=0; autowireCandidate=true; primary=false; factoryBeanName=org.springframework.boot.autoconfigure.jdbc.DataSourceConfiguration$Generic; factoryMethodName=dataSource; initMethodName=null; destroyMethodName=(inferred); defined in class path resource [org/springframework/boot/autoconfigure/jdbc/DataSourceConfiguration$Generic.class]] with [Root bean: class [null]; scope=; abstract=false; lazyInit=false; autowireMode=3; dependencyCheck=0; autowireCandidate=true; primary=false; factoryBeanName=org.springframework.boot.autoconfigure.jdbc.DataSourceConfiguration$Hikari; factoryMethodName=dataSource; initMethodName=null; destroyMethodName=(inferred); defined in class path resource [org/springframework/boot/autoconfigure/jdbc/DataSourceConfiguration$Hikari.class]]
2019-11-1 11:56:36 main WARN No MyBatis mapper was found in '[com.what.cloud]' package. Please check your configuration.
2019-11-1 11:56:37 main INFO Bean 'org.springframework.transaction.annotation.ProxyTransactionManagementConfiguration' of type [org.springframework.transaction.annotation.ProxyTransactionManagementConfiguration$$EnhancerBySpringCGLIB$$4c13cba7] is not eligible for getting processed by all BeanPostProcessors (for example: not eligible for auto-proxying)
2019-11-1 11:56:37 main INFO Tomcat initialized with port(s): 8000 (http)
2019-11-1 11:56:37 main INFO Initializing ProtocolHandler ["http-nio-8000"]
2019-11-1 11:56:37 main INFO Starting service [Tomcat]
2019-11-1 11:56:37 main INFO Starting Servlet Engine: Apache Tomcat/8.5.31
2019-11-1 11:56:37 localhost-startStop-1 INFO The APR based Apache Tomcat Native library which allows optimal performance in production environments was not found on the java.library.path: [C:\Program Files\Java\jdk1.8.0_161\bin;C:\windows\Sun\Java\bin;C:\windows\system32;C:\windows;C:\ProgramData\Oracle\Java\javapath;C:\Program Files (x86)\Intel\Intel(R) Management Engine Components\iCLS\;C:\Program Files\Intel\Intel(R) Management Engine Components\iCLS\;C:\windows\system32;C:\windows;C:\windows\System32\Wbem;C:\windows\System32\WindowsPowerShell\v1.0\;C:\windows\System32\OpenSSH\;C:\Program Files (x86)\Intel\Intel(R) Management Engine Components\DAL;C:\Program Files\Intel\Intel(R) Management Engine Components\DAL;C:\Program Files (x86)\NVIDIA Corporation\PhysX\Common;C:\Program Files\Intel\WiFi\bin\;C:\Program Files\Common Files\Intel\WirelessCommon\;e:\Program Files (x86)\IETM 3D Viewer;F:\myTools\tomcat\apache-tomcat-7.0.85\lib;F:\myTools\tomcat\apache-tomcat-7.0.85\bin;F:\myTools\apache-maven-3.5.3\bin;F:\myTools\git\install\Git\cmd;C:\Program Files\MySQL\MySQL Utilities 1.6\;F:\myTools\node\install;D:\soft\nodejs\node_modules\yarn\bin;D:\soft\nodejs\node_modules\electron\dist;;C:\Program Files (x86)\IETM 3D Viewer;C:\Users\wanheat\AppData\Roaming\npm;.]
2019-11-1 11:56:37 localhost-startStop-1 INFO Initializing Spring embedded WebApplicationContext
2019-11-1 11:56:37 localhost-startStop-1 INFO Root WebApplicationContext: initialization completed in 1463 ms
2019-11-1 11:56:38 localhost-startStop-1 INFO Servlet dispatcherServlet mapped to [/]
2019-11-1 11:56:38 localhost-startStop-1 INFO Mapping filter: 'characterEncodingFilter' to: [/*]
2019-11-1 11:56:38 localhost-startStop-1 INFO Mapping filter: 'hiddenHttpMethodFilter' to: [/*]
2019-11-1 11:56:38 localhost-startStop-1 INFO Mapping filter: 'httpPutFormContentFilter' to: [/*]
2019-11-1 11:56:38 localhost-startStop-1 INFO Mapping filter: 'requestContextFilter' to: [/*]
2019-11-1 11:56:38 localhost-startStop-1 INFO Mapping filter: 'httpTraceFilter' to: [/*]
2019-11-1 11:56:38 localhost-startStop-1 INFO Mapping filter: 'webMvcMetricsFilter' to: [/*]
2019-11-1 11:56:38 main INFO Mapped "{[/user/login],methods=[GET]}" onto public com.what.cloud.common.ResponseWrapper<java.lang.String> com.what.cloud.controller.UserController.login(java.lang.String)
2019-11-1 11:56:38 main INFO Mapped "{[/v2/api-docs],methods=[GET],produces=[application/json || application/hal+json]}" onto public org.springframework.http.ResponseEntity<springfox.documentation.spring.web.json.Json> springfox.documentation.swagger2.web.Swagger2Controller.getDocumentation(java.lang.String,javax.servlet.http.HttpServletRequest)
2019-11-1 11:56:38 main INFO Mapped "{[/swagger-resources/configuration/security]}" onto org.springframework.http.ResponseEntity<springfox.documentation.swagger.web.SecurityConfiguration> springfox.documentation.swagger.web.ApiResourceController.securityConfiguration()
2019-11-1 11:56:38 main INFO Mapped "{[/swagger-resources/configuration/ui]}" onto org.springframework.http.ResponseEntity<springfox.documentation.swagger.web.UiConfiguration> springfox.documentation.swagger.web.ApiResourceController.uiConfiguration()
2019-11-1 11:56:38 main INFO Mapped "{[/swagger-resources]}" onto org.springframework.http.ResponseEntity<java.util.List<springfox.documentation.swagger.web.SwaggerResource>> springfox.documentation.swagger.web.ApiResourceController.swaggerResources()
2019-11-1 11:56:38 main INFO Mapped "{[/error]}" onto public org.springframework.http.ResponseEntity<java.util.Map<java.lang.String, java.lang.Object>> org.springframework.boot.autoconfigure.web.servlet.error.BasicErrorController.error(javax.servlet.http.HttpServletRequest)
2019-11-1 11:56:38 main INFO Mapped "{[/error],produces=[text/html]}" onto public org.springframework.web.servlet.ModelAndView org.springframework.boot.autoconfigure.web.servlet.error.BasicErrorController.errorHtml(javax.servlet.http.HttpServletRequest,javax.servlet.http.HttpServletResponse)
2019-11-1 11:56:38 main INFO Exposing 2 endpoint(s) beneath base path '/actuator'
2019-11-1 11:56:38 main INFO Mapped "{[/actuator/health],methods=[GET],produces=[application/vnd.spring-boot.actuator.v2+json || application/json]}" onto public java.lang.Object org.springframework.boot.actuate.endpoint.web.servlet.AbstractWebMvcEndpointHandlerMapping$OperationHandler.handle(javax.servlet.http.HttpServletRequest,java.util.Map<java.lang.String, java.lang.String>)
2019-11-1 11:56:38 main INFO Mapped "{[/actuator/info],methods=[GET],produces=[application/vnd.spring-boot.actuator.v2+json || application/json]}" onto public java.lang.Object org.springframework.boot.actuate.endpoint.web.servlet.AbstractWebMvcEndpointHandlerMapping$OperationHandler.handle(javax.servlet.http.HttpServletRequest,java.util.Map<java.lang.String, java.lang.String>)
2019-11-1 11:56:38 main INFO Mapped "{[/actuator],methods=[GET],produces=[application/vnd.spring-boot.actuator.v2+json || application/json]}" onto protected java.util.Map<java.lang.String, java.util.Map<java.lang.String, org.springframework.boot.actuate.endpoint.web.Link>> org.springframework.boot.actuate.endpoint.web.servlet.WebMvcEndpointHandlerMapping.links(javax.servlet.http.HttpServletRequest,javax.servlet.http.HttpServletResponse)
2019-11-1 11:56:39 main INFO Mapped URL path [/**/favicon.ico] onto handler of type [class org.springframework.web.servlet.resource.ResourceHttpRequestHandler]
2019-11-1 11:56:39 main INFO Looking for @ControllerAdvice: org.springframework.boot.web.servlet.context.AnnotationConfigServletWebServerApplicationContext@20f12539: startup date [Fri Nov 01 11:56:36 GMT+08:00 2019]; root of context hierarchy
2019-11-1 11:56:39 main INFO Mapped URL path [/webjars/**] onto handler of type [class org.springframework.web.servlet.resource.ResourceHttpRequestHandler]
2019-11-1 11:56:39 main INFO Mapped URL path [/**] onto handler of type [class org.springframework.web.servlet.resource.ResourceHttpRequestHandler]
2019-11-1 11:56:39 main WARN [THYMELEAF][main] Template Mode 'LEGACYHTML5' is deprecated. Using Template Mode 'HTML' instead.
2019-11-1 11:56:39 main INFO Adding welcome page template: index
2019-11-1 11:56:39 main INFO Registering beans for JMX exposure on startup
2019-11-1 11:56:39 main INFO Bean with name 'dataSource' has been autodetected for JMX exposure
2019-11-1 11:56:39 main INFO Located MBean 'dataSource': registering with JMX server as MBean [com.zaxxer.hikari:name=dataSource,type=HikariDataSource]
2019-11-1 11:56:39 main INFO Starting beans in phase 2147483647
2019-11-1 11:56:39 main INFO Context refreshed
2019-11-1 11:56:39 main INFO Found 1 custom documentation plugin(s)
2019-11-1 11:56:39 main INFO Scanning for api listing references
2019-11-1 11:56:39 main INFO Generating unique operation named: handleUsingGET_1
2019-11-1 11:56:39 main INFO Starting ProtocolHandler ["http-nio-8000"]
2019-11-1 11:56:39 main INFO Using a shared selector for servlet write/read
2019-11-1 11:56:39 main INFO Tomcat started on port(s): 8000 (http) with context path ''
2019-11-1 11:56:39 main INFO Started BaseServiceApplication in 3.995 seconds (JVM running for 5.17)
2019-11-1 11:56:40 RMI TCP Connection(2)-127.0.0.1 INFO EQPT_THREE - Starting...
2019-11-1 11:56:40 RMI TCP Connection(4)-127.0.0.1 INFO Initializing Spring FrameworkServlet 'dispatcherServlet'
2019-11-1 11:56:40 RMI TCP Connection(4)-127.0.0.1 INFO FrameworkServlet 'dispatcherServlet': initialization started
2019-11-1 11:56:40 RMI TCP Connection(4)-127.0.0.1 INFO FrameworkServlet 'dispatcherServlet': initialization completed in 15 ms
2019-11-1 11:56:41 RMI TCP Connection(2)-127.0.0.1 INFO EQPT_THREE - Start completed.
